<?xml version="1.0" encoding="UTF-8"?>
<!-- Generated by org.testng.reporters.JUnitReportReporter -->
<testsuite hostname="Bhuvi" failures="0" tests="4" name="api.test.UserTests" time="9.942" errors="0" timestamp="2024-05-07T17:49:31 IST" skipped="0">
  <testcase classname="api.test.UserTests" name="testPostUser" time="3.707"/>
  <testcase classname="api.test.UserTests" name="testGetUserByName" time="1.338"/>
  <testcase classname="api.test.UserTests" name="testUpdateUserByName" time="3.487"/>
  <testcase classname="api.test.UserTests" name="testDeleteUserByName" time="1.410"/>
</testsuite> <!-- api.test.UserTests -->
