<?xml version="1.0" encoding="UTF-8"?>
<!-- Generated by org.testng.reporters.JUnitReportReporter -->
<testsuite hostname="Bhuvi" failures="0" tests="4" name="api.test.UserTests" time="9.613" errors="0" timestamp="2024-05-08T14:56:39 IST" skipped="0">
  <testcase classname="api.test.UserTests" name="testPostUser" time="3.555"/>
  <testcase classname="api.test.UserTests" name="testGetUserByName" time="1.563"/>
  <testcase classname="api.test.UserTests" name="testUpdateUserByName" time="2.964"/>
  <testcase classname="api.test.UserTests" name="testDeleteUserByName" time="1.531"/>
</testsuite> <!-- api.test.UserTests -->
