<?xml version="1.0" encoding="UTF-8"?>
<!-- Generated by org.testng.reporters.JUnitReportReporter -->
<testsuite hostname="Bhuvi" failures="0" tests="4" name="api.test.UserTests2" time="9.682" errors="0" timestamp="2024-05-07T19:58:30 IST" skipped="0">
  <testcase classname="api.test.UserTests2" name="testPostUser" time="3.442"/>
  <testcase classname="api.test.UserTests2" name="testGetUserByName" time="1.523"/>
  <testcase classname="api.test.UserTests2" name="testUpdateUserByName" time="3.195"/>
  <testcase classname="api.test.UserTests2" name="testDeleteUserByName" time="1.522"/>
</testsuite> <!-- api.test.UserTests2 -->
