<?xml version="1.0" encoding="UTF-8"?>
<!-- Generated by org.testng.reporters.JUnitReportReporter -->
<testsuite hostname="Bhuvi" failures="0" tests="6" name="api.test.DDTests" time="10.803" errors="0" timestamp="2024-05-07T14:56:40 IST" skipped="0">
  <testcase classname="api.test.DDTests" name="testPostUser" time="1.665"/>
  <testcase classname="api.test.DDTests" name="testPostUser" time="1.526"/>
  <testcase classname="api.test.DDTests" name="testPostUser" time="3.465"/>
  <testcase classname="api.test.DDTests" name="testDeleteUserByName" time="1.570"/>
  <testcase classname="api.test.DDTests" name="testDeleteUserByName" time="1.276"/>
  <testcase classname="api.test.DDTests" name="testDeleteUserByName" time="1.301"/>
</testsuite> <!-- api.test.DDTests -->
