<?xml version="1.0" encoding="UTF-8"?>
<!-- Generated by org.testng.reporters.JUnitReportReporter -->
<testsuite hostname="Bhuvi" failures="0" tests="4" name="api.test.UserTests" time="7.705" errors="0" timestamp="2024-05-07T20:15:17 IST" skipped="0">
  <testcase classname="api.test.UserTests" name="testPostUser" time="1.568"/>
  <testcase classname="api.test.UserTests" name="testGetUserByName" time="1.535"/>
  <testcase classname="api.test.UserTests" name="testUpdateUserByName" time="3.069"/>
  <testcase classname="api.test.UserTests" name="testDeleteUserByName" time="1.533"/>
</testsuite> <!-- api.test.UserTests -->
