<?xml version="1.0" encoding="UTF-8"?>
<!-- Generated by org.testng.reporters.JUnitReportReporter -->
<testsuite hostname="Bhuvi" failures="0" tests="6" name="api.test.DDTests" time="11.249" errors="0" timestamp="2024-05-07T20:15:17 IST" skipped="0">
  <testcase classname="api.test.DDTests" name="testPostUser" time="3.458"/>
  <testcase classname="api.test.DDTests" name="testPostUser" time="1.551"/>
  <testcase classname="api.test.DDTests" name="testPostUser" time="1.534"/>
  <testcase classname="api.test.DDTests" name="testDeleteUserByName" time="1.640"/>
  <testcase classname="api.test.DDTests" name="testDeleteUserByName" time="1.533"/>
  <testcase classname="api.test.DDTests" name="testDeleteUserByName" time="1.533"/>
</testsuite> <!-- api.test.DDTests -->
