<?xml version="1.0" encoding="UTF-8"?>
<!-- Generated by org.testng.reporters.JUnitReportReporter -->
<testsuite hostname="Bhuvi" failures="0" tests="4" name="api.test.UserTests2" time="9.468" errors="0" timestamp="2024-05-07T22:48:38 IST" skipped="0">
  <testcase classname="api.test.UserTests2" name="testPostUser" time="3.419"/>
  <testcase classname="api.test.UserTests2" name="testGetUserByName" time="1.562"/>
  <testcase classname="api.test.UserTests2" name="testUpdateUserByName" time="3.064"/>
  <testcase classname="api.test.UserTests2" name="testDeleteUserByName" time="1.423"/>
</testsuite> <!-- api.test.UserTests2 -->
